<?xml version="1.0" encoding="UTF-8" ?>
<testsuite tests="14" failures="0" name="fr.iut.TestShoppingCart" time="0.041" errors="0" skipped="0">
  <properties>
[...]
</properties>
  <testcase classname="fr.iut.TestShoppingCart" name="IslandTaxes" time="0.031"/>
  <testcase classname="fr.iut.TestShoppingCart" name="computePriceWithoutTaxes" time="0"/>
  <testcase classname="fr.iut.TestShoppingCart" name="getPriceWithDiscountForBetwen1000And5000" time="0"/>
  <testcase classname="fr.iut.TestShoppingCart" name="addItem" time="0.007"/>
  <testcase classname="fr.iut.TestShoppingCart" name="SuisseTaxes" time="0.001"/>
  <testcase classname="fr.iut.TestShoppingCart" name="CroatieTaxes" time="0"/>
  <testcase classname="fr.iut.TestShoppingCart" name="getPriceWithDiscountForBetwen5000And7000" time="0"/>
  <testcase classname="fr.iut.TestShoppingCart" name="computePriceWithTaxes" time="0"/>
  <testcase classname="fr.iut.TestShoppingCart" name="getPriceWithDiscountForBetwen10000And50000" time="0"/>
  <testcase classname="fr.iut.TestShoppingCart" name="getPriceWithDiscountForBetwen7000And10000" time="0.001"/>
  <testcase classname="fr.iut.TestShoppingCart" name="AllemagneTaxes" time="0"/>
  <testcase classname="fr.iut.TestShoppingCart" name="DanemarkTaxes" time="0"/>
  <testcase classname="fr.iut.TestShoppingCart" name="getPriceWithDiscountForMoreOrEqualThan50000" time="0.001"/>
  <testcase classname="fr.iut.TestShoppingCart" name="getPriceWithDiscountForLessThan1000" time="0"/>
</testsuite>